2026-06-19 15:08:13 [INFO] Online mode enabled
2026-06-19 15:08:16 [INFO] Cache update: Successfully updated cache for city Bengaluru (ID: 8)
2026-06-19 15:08:17 [INFO] Cache update: Successfully updated cache for city Chennai (ID: 2)
2026-06-19 15:08:17 [INFO] Cache update: Successfully updated cache for city Guwahati (ID: 5)
2026-06-19 15:08:18 [INFO] Cache update: Successfully updated cache for city Hyderabad (ID: 9)
2026-06-19 15:08:19 [INFO] Cache update: Successfully updated cache for city Kochi (ID: 7)
2026-06-19 15:08:19 [INFO] Cache update: Successfully updated cache for city Kolkata (ID: 3)
2026-06-19 15:08:20 [INFO] Cache update: Successfully updated cache for city Mumbai (ID: 1)
2026-06-19 15:08:20 [INFO] Cache update: Successfully updated cache for city Patna (ID: 4)
2026-06-19 15:08:21 [INFO] Cache update: Successfully updated cache for city Pune (ID: 11)
2026-06-19 15:08:22 [INFO] Cache update: Successfully updated cache for city Udhagamandalam (ID: 1001)
2026-06-19 15:08:22 [INFO] Cache update: Successfully updated cache for city Vapi (ID: 1002)
2026-06-19 15:08:23 [INFO] Cache update: Successfully updated cache for city Varanasi (ID: 10)
2026-06-19 15:08:23 [INFO] Refresh All: Completed successfully
2026-06-19 15:08:26 [INFO] Online mode disabled
2026-06-19 15:14:17 [INFO] Online mode enabled
2026-06-19 15:14:18 [INFO] Online mode disabled
2026-06-19 15:14:19 [INFO] Online mode enabled
2026-06-19 15:14:20 [INFO] Online mode disabled
2026-06-19 15:50:07 [INFO] Online mode enabled
2026-06-19 15:50:08 [INFO] Online mode disabled
2026-06-19 15:50:08 [INFO] Online mode enabled
2026-06-19 15:50:14 [INFO] Online mode disabled
2026-06-19 16:03:27 [INFO] Online mode enabled
2026-06-19 16:03:28 [INFO] Online mode disabled
2026-06-19 16:03:39 [INFO] Online mode enabled
2026-06-19 16:03:40 [INFO] Online mode disabled
2026-06-19 16:03:41 [INFO] Online mode enabled
2026-06-19 16:03:43 [ERROR] API failure: Weather API is unavailable.
2026-06-19 16:06:14 [INFO] Online mode enabled
2026-06-19 16:06:16 [INFO] Cache update: Successfully updated cache for city Ahmedabad (ID: 12)
2026-06-19 16:06:16 [INFO] Cache update: Successfully updated cache for city Bengaluru (ID: 8)
2026-06-19 16:06:17 [INFO] Cache update: Successfully updated cache for city Chennai (ID: 2)
2026-06-19 16:06:18 [INFO] Cache update: Successfully updated cache for city Gandhinagar (ID: 1004)
2026-06-19 16:06:18 [INFO] Cache update: Successfully updated cache for city Guwahati (ID: 5)
2026-06-19 16:06:19 [INFO] Cache update: Successfully updated cache for city Hyderabad (ID: 9)
2026-06-19 16:06:19 [INFO] Cache update: Successfully updated cache for city Kochi (ID: 7)
2026-06-19 16:06:20 [INFO] Cache update: Successfully updated cache for city Kolkata (ID: 3)
2026-06-19 16:06:21 [INFO] Cache update: Successfully updated cache for city Kota (ID: 1003)
2026-06-19 16:06:26 [ERROR] Refresh failure: Failed to refresh Mumbai (ID: 1): HTTPSConnectionPool(host='api.open-meteo.com', port=443): Read timed out. (read timeout=5.0)
2026-06-19 16:06:26 [INFO] Cache update: Successfully updated cache for city Patna (ID: 4)
2026-06-19 16:06:27 [INFO] Cache update: Successfully updated cache for city Pune (ID: 11)
2026-06-19 16:06:28 [INFO] Cache update: Successfully updated cache for city Udhagamandalam (ID: 1001)
2026-06-19 16:06:28 [INFO] Cache update: Successfully updated cache for city Vapi (ID: 1002)
2026-06-19 16:06:29 [INFO] Cache update: Successfully updated cache for city Varanasi (ID: 10)
2026-06-19 16:06:29 [INFO] Refresh All: Completed successfully
2026-06-19 16:24:08 [INFO] Online mode enabled
2026-06-19 16:24:11 [INFO] Cache update: Successfully updated cache for city Ahmedabad (ID: 12)
2026-06-19 16:24:12 [INFO] Cache update: Successfully updated cache for city Bengaluru (ID: 8)
2026-06-19 16:24:12 [INFO] Cache update: Successfully updated cache for city Chennai (ID: 2)
2026-06-19 16:24:17 [ERROR] Refresh failure: Failed to refresh Gandhinagar (ID: 1004): HTTPSConnectionPool(host='api.open-meteo.com', port=443): Read timed out. (read timeout=5.0)
2026-06-19 16:24:18 [INFO] Cache update: Successfully updated cache for city Guwahati (ID: 5)
2026-06-19 16:24:19 [INFO] Cache update: Successfully updated cache for city Hyderabad (ID: 9)
2026-06-19 16:24:19 [INFO] Cache update: Successfully updated cache for city Kochi (ID: 7)
2026-06-19 16:24:20 [INFO] Cache update: Successfully updated cache for city Kolkata (ID: 3)
2026-06-19 16:24:20 [INFO] Cache update: Successfully updated cache for city Kota (ID: 1003)
2026-06-19 16:24:21 [INFO] Cache update: Successfully updated cache for city Mumbai (ID: 1)
2026-06-19 16:24:22 [INFO] Cache update: Successfully updated cache for city Patna (ID: 4)
2026-06-19 16:24:22 [INFO] Cache update: Successfully updated cache for city Pune (ID: 11)
2026-06-19 16:24:23 [INFO] Cache update: Successfully updated cache for city Udhagamandalam (ID: 1001)
2026-06-19 16:24:23 [INFO] Cache update: Successfully updated cache for city Vapi (ID: 1002)
2026-06-19 16:24:24 [INFO] Cache update: Successfully updated cache for city Varanasi (ID: 10)
2026-06-19 16:24:24 [INFO] Refresh All: Completed successfully
2026-06-19 16:27:45 [INFO] Online mode enabled
2026-06-19 16:27:47 [INFO] Cache update: Successfully updated cache for city Gandhinagar (ID: 1004)
2026-06-19 16:27:47 [INFO] Refresh All: Completed successfully
2026-06-19 16:38:04 [INFO] Online mode enabled
2026-06-19 16:38:07 [INFO] Cache update: Successfully updated cache for city Ahmedabad (ID: 12)
2026-06-19 16:38:08 [INFO] Cache update: Successfully updated cache for city Bengaluru (ID: 8)
2026-06-19 16:38:09 [INFO] Cache update: Successfully updated cache for city Chennai (ID: 2)
2026-06-19 16:38:09 [INFO] Cache update: Successfully updated cache for city Gandhinagar (ID: 1004)
2026-06-19 16:38:10 [INFO] Cache update: Successfully updated cache for city Guwahati (ID: 5)
2026-06-19 16:38:10 [INFO] Cache update: Successfully updated cache for city Hyderabad (ID: 9)
2026-06-19 16:38:11 [INFO] Cache update: Successfully updated cache for city Kochi (ID: 7)
2026-06-19 16:38:12 [INFO] Cache update: Successfully updated cache for city Kolkata (ID: 3)
2026-06-19 16:38:12 [INFO] Cache update: Successfully updated cache for city Kota (ID: 1003)
2026-06-19 16:38:13 [INFO] Cache update: Successfully updated cache for city Patna (ID: 4)
2026-06-19 16:38:14 [INFO] Cache update: Successfully updated cache for city Pune (ID: 11)
2026-06-19 16:38:14 [INFO] Cache update: Successfully updated cache for city Surat (ID: 6)
2026-06-19 16:38:15 [INFO] Cache update: Successfully updated cache for city Udhagamandalam (ID: 1001)
2026-06-19 16:38:15 [INFO] Cache update: Successfully updated cache for city Vapi (ID: 1002)
2026-06-19 16:38:16 [INFO] Cache update: Successfully updated cache for city Varanasi (ID: 10)
2026-06-19 16:38:16 [INFO] Refresh All: Completed successfully
2026-06-19 16:40:30 [INFO] Online mode disabled
2026-06-19 17:41:26 [INFO] Online mode enabled
2026-06-19 17:41:28 [INFO] Cache update: Successfully updated cache for city Ahmedabad (ID: 12)
2026-06-19 17:41:29 [INFO] Cache update: Successfully updated cache for city Assam (ID: 1005)
2026-06-19 17:41:30 [INFO] Cache update: Successfully updated cache for city Bengaluru (ID: 8)
2026-06-19 17:41:30 [INFO] Cache update: Successfully updated cache for city Chennai (ID: 2)
2026-06-19 17:41:31 [INFO] Cache update: Successfully updated cache for city Gandhinagar (ID: 1004)
2026-06-19 17:41:32 [INFO] Cache update: Successfully updated cache for city Guwahati (ID: 5)
2026-06-19 17:41:32 [INFO] Cache update: Successfully updated cache for city Hyderabad (ID: 9)
2026-06-19 17:41:33 [INFO] Cache update: Successfully updated cache for city Kochi (ID: 7)
2026-06-19 17:41:33 [INFO] Cache update: Successfully updated cache for city Kolkata (ID: 3)
2026-06-19 17:41:39 [ERROR] Refresh failure: Failed to refresh Kota (ID: 1003): HTTPSConnectionPool(host='api.open-meteo.com', port=443): Read timed out. (read timeout=5.0)
2026-06-19 17:41:39 [INFO] Cache update: Successfully updated cache for city Mumbai (ID: 1)
2026-06-19 17:41:40 [INFO] Cache update: Successfully updated cache for city Patna (ID: 4)
2026-06-19 17:41:40 [INFO] Cache update: Successfully updated cache for city Pune (ID: 11)
2026-06-19 17:41:41 [INFO] Cache update: Successfully updated cache for city Udhagamandalam (ID: 1001)
2026-06-19 17:41:42 [INFO] Cache update: Successfully updated cache for city Vapi (ID: 1002)
2026-06-19 17:41:42 [INFO] Cache update: Successfully updated cache for city Varanasi (ID: 10)
2026-06-19 17:41:42 [INFO] Refresh All: Completed successfully
2026-06-19 17:48:11 [INFO] Online mode enabled
2026-06-19 17:48:14 [INFO] Cache update: Successfully updated cache for city Ahmedabad (ID: 12)
2026-06-19 17:48:14 [INFO] Cache update: Successfully updated cache for city Assam (ID: 1005)
2026-06-19 17:48:15 [INFO] Cache update: Successfully updated cache for city Bengaluru (ID: 8)
2026-06-19 17:48:15 [INFO] Cache update: Successfully updated cache for city Chennai (ID: 2)
2026-06-19 17:48:16 [INFO] Cache update: Successfully updated cache for city Gandhinagar (ID: 1004)
2026-06-19 17:48:17 [INFO] Cache update: Successfully updated cache for city Guwahati (ID: 5)
2026-06-19 17:48:17 [INFO] Cache update: Successfully updated cache for city Hyderabad (ID: 9)
2026-06-19 17:48:18 [INFO] Cache update: Successfully updated cache for city Kochi (ID: 7)
2026-06-19 17:48:19 [INFO] Cache update: Successfully updated cache for city Kolkata (ID: 3)
2026-06-19 17:48:24 [WARNING] Weather API attempt 1 failed: HTTPSConnectionPool(host='api.open-meteo.com', port=443): Read timed out. (read timeout=5.0)
2026-06-19 17:48:25 [INFO] Cache update: Successfully updated cache for city Kota (ID: 1003)
2026-06-19 17:48:26 [INFO] Cache update: Successfully updated cache for city Mumbai (ID: 1)
2026-06-19 17:48:27 [INFO] Cache update: Successfully updated cache for city Patna (ID: 4)
2026-06-19 17:48:27 [INFO] Cache update: Successfully updated cache for city Pune (ID: 11)
2026-06-19 17:48:28 [INFO] Cache update: Successfully updated cache for city Surat (ID: 6)
2026-06-19 17:48:29 [INFO] Cache update: Successfully updated cache for city Udhagamandalam (ID: 1001)
2026-06-19 17:48:29 [INFO] Cache update: Successfully updated cache for city Vapi (ID: 1002)
2026-06-19 17:48:34 [WARNING] Weather API attempt 1 failed: HTTPSConnectionPool(host='api.open-meteo.com', port=443): Read timed out. (read timeout=5.0)
2026-06-19 17:48:36 [INFO] Cache update: Successfully updated cache for city Varanasi (ID: 10)
2026-06-19 17:48:36 [INFO] Refresh All: Completed successfully
